<?xml version="1.0" encoding="UTF-8"?>
<testng-results skipped="0" failed="0" ignored="0" total="3" passed="3">
  <reporter-output>
  </reporter-output>
  <suite name="Default suite" duration-ms="10872" started-at="2021-03-19T12:10:52Z" finished-at="2021-03-19T12:11:03Z">
    <groups>
    </groups>
    <test name="Default test" duration-ms="10872" started-at="2021-03-19T12:10:52Z" finished-at="2021-03-19T12:11:03Z">
      <class name="com.jbk.testNG_Ex.TestNG_Example">
        <test-method status="PASS" signature="Log_in_Test()[pri:0, instance:com.jbk.testNG_Ex.TestNG_Example@4d41cee]" name="Log_in_Test" duration-ms="5349" started-at="2021-03-19T12:10:52Z" finished-at="2021-03-19T12:10:57Z">
          <reporter-output>
          </reporter-output>
        </test-method> <!-- Log_in_Test -->
        <test-method status="PASS" signature="Verify_logo()[pri:0, instance:com.jbk.testNG_Ex.TestNG_Example@4d41cee]" name="Verify_logo" duration-ms="2718" started-at="2021-03-19T12:10:57Z" finished-at="2021-03-19T12:11:00Z">
          <reporter-output>
          </reporter-output>
        </test-method> <!-- Verify_logo -->
        <test-method status="PASS" signature="verify_log_inTitle()[pri:0, instance:com.jbk.testNG_Ex.TestNG_Example@4d41cee]" name="verify_log_inTitle" duration-ms="2735" started-at="2021-03-19T12:11:00Z" finished-at="2021-03-19T12:11:03Z">
          <reporter-output>
          </reporter-output>
        </test-method> <!-- verify_log_inTitle -->
      </class> <!-- com.jbk.testNG_Ex.TestNG_Example -->
    </test> <!-- Default test -->
  </suite> <!-- Default suite -->
</testng-results>
